[debug] [2023-05-28T21:58:30.536Z] ----------------------------------------------------------------------
[debug] [2023-05-28T21:58:30.537Z] Command:       /home/edgar/.nvm/versions/node/v16.6.1/bin/node /home/edgar/.nvm/versions/node/v16.6.1/bin/firebase deploy --only hosting
[debug] [2023-05-28T21:58:30.538Z] CLI Version:   11.16.0
[debug] [2023-05-28T21:58:30.538Z] Platform:      linux
[debug] [2023-05-28T21:58:30.538Z] Node Version:  v16.6.1
[debug] [2023-05-28T21:58:30.542Z] Time:          Sun May 28 2023 16:58:30 GMT-0500 (Peru Standard Time)
[debug] [2023-05-28T21:58:30.542Z] ----------------------------------------------------------------------
[debug] 
[debug] [2023-05-28T21:58:30.588Z] > command requires scopes: ["email","openid","https://www.googleapis.com/auth/cloudplatformprojects.readonly","https://www.googleapis.com/auth/firebase","https://www.googleapis.com/auth/cloud-platform"]
[debug] [2023-05-28T21:58:30.588Z] > authorizing via signed-in user (edgarjquispe97@gmail.com)
[debug] [2023-05-28T21:58:30.588Z] [iam] checking project fiber-peru for permissions ["firebase.projects.get","firebasehosting.sites.update"]
[debug] [2023-05-28T21:58:30.590Z] >>> [apiv2][query] POST https://cloudresourcemanager.googleapis.com/v1/projects/fiber-peru:testIamPermissions [none]
[debug] [2023-05-28T21:58:30.590Z] >>> [apiv2][(partial)header] POST https://cloudresourcemanager.googleapis.com/v1/projects/fiber-peru:testIamPermissions x-goog-quota-user=projects/fiber-peru
[debug] [2023-05-28T21:58:30.590Z] >>> [apiv2][body] POST https://cloudresourcemanager.googleapis.com/v1/projects/fiber-peru:testIamPermissions {"permissions":["firebase.projects.get","firebasehosting.sites.update"]}
[debug] [2023-05-28T21:58:33.432Z] <<< [apiv2][status] POST https://cloudresourcemanager.googleapis.com/v1/projects/fiber-peru:testIamPermissions 200
[debug] [2023-05-28T21:58:33.432Z] <<< [apiv2][body] POST https://cloudresourcemanager.googleapis.com/v1/projects/fiber-peru:testIamPermissions {"permissions":["firebase.projects.get","firebasehosting.sites.update"]}
[debug] [2023-05-28T21:58:33.432Z] >>> [apiv2][query] GET https://firebase.googleapis.com/v1beta1/projects/fiber-peru [none]
[debug] [2023-05-28T21:58:34.429Z] <<< [apiv2][status] GET https://firebase.googleapis.com/v1beta1/projects/fiber-peru 200
[debug] [2023-05-28T21:58:34.429Z] <<< [apiv2][body] GET https://firebase.googleapis.com/v1beta1/projects/fiber-peru {"projectId":"fiber-peru","projectNumber":"583513950711","displayName":"fiber-peru","name":"projects/fiber-peru","resources":{"hostingSite":"fiber-peru"},"state":"ACTIVE","etag":"1_4d8c1869-cec3-48e8-b083-004e63b747e8"}
[info] 
[info] === Deploying to 'fiber-peru'...
[info] 
[info] i  deploying hosting 
[debug] [2023-05-28T21:58:34.433Z] >>> [apiv2][query] POST https://firebasehosting.googleapis.com/v1beta1/projects/-/sites/fiber-peru/versions [none]
[debug] [2023-05-28T21:58:34.433Z] >>> [apiv2][body] POST https://firebasehosting.googleapis.com/v1beta1/projects/-/sites/fiber-peru/versions {"status":"CREATED","labels":{"deployment-tool":"cli-firebase"}}
[debug] [2023-05-28T21:58:37.827Z] <<< [apiv2][status] POST https://firebasehosting.googleapis.com/v1beta1/projects/-/sites/fiber-peru/versions 200
[debug] [2023-05-28T21:58:37.827Z] <<< [apiv2][body] POST https://firebasehosting.googleapis.com/v1beta1/projects/-/sites/fiber-peru/versions {"name":"projects/583513950711/sites/fiber-peru/versions/9aded9c69d0ef4b4","status":"CREATED","config":{},"labels":{"deployment-tool":"cli-firebase"}}
[info] i  hosting[fiber-peru]: beginning deploy... 
[info] i  hosting[fiber-peru]: found 27 files in build 
[debug] [2023-05-28T21:58:37.839Z] [hosting] uploading with 200 concurrency
[debug] [2023-05-28T21:58:39.866Z] [hosting] hash cache [YnVpbGQ] stored for 27 files
[debug] [2023-05-28T21:58:39.868Z] [hosting][hash queue][FINAL] {"max":2022,"min":14,"avg":110.92592592592592,"active":0,"complete":27,"success":27,"errored":0,"retried":0,"total":27,"elapsed":2027}
[debug] [2023-05-28T21:58:39.869Z] >>> [apiv2][query] POST https://firebasehosting.googleapis.com/v1beta1/projects/583513950711/sites/fiber-peru/versions/9aded9c69d0ef4b4:populateFiles [none]
[debug] [2023-05-28T21:58:39.869Z] >>> [apiv2][body] POST https://firebasehosting.googleapis.com/v1beta1/projects/583513950711/sites/fiber-peru/versions/9aded9c69d0ef4b4:populateFiles {"files":{"/asset-manifest.json":"c0dc78ad25f2b473cedddb9e4119f6cb6d265d3bdf9c21310d7a02aa51cc06a3","/index.html":"cee9f0c8f9d18e7db9e196790638849b3a8d99fcb751ab61b2d7fd0e97d3e149","/favicon.ico":"c599b7a91ab3627e3538125d9f40adc2d4bf949046984262670545dc7738af06","/logo512.png":"7779210d56c1f3741e2e487799fe3092def4fa6ac450a60532b807c3a8971205","/static/js/main.7dda80b9.js.LICENSE.txt":"13636dcce78b13e369839370c5eda11c0abcc4d89348acab2e9ba10f0d0e16ec","/static/css/main.60e82ea1.css":"56d2fa26dd66e7fac724e05ab34c1a631f42dcf3e0cbc19628eb0a6da40e18a6","/manifest.json":"0958a5e0c831126100c8c2d06a6bbaa665a3900f21aaff4130238a6f5a113aa1","/robots.txt":"2544ca049f223a42bff01f72ad930a5edba75bbb7199d0f8430a02ff5aca16ec","/static/css/main.60e82ea1.css.map":"7f74a21628ec7b7907140410ac243ef2c440fa3d1faac5e6692c3e5f6cbff4f2","/logo192.png":"76c449ccb9cd117c2f2338f091b18f7050f3210e249b2228f5c81b23f34377cd","/static/media/bbva.b640e4254c6b0947c8230e3132e29fb4.svg":"6fbea313b89dc52047216fb44f074a58c0d35a1c6a052e08710137d520e0c7db","/static/media/bcp-4.1d7a4e80398c44a2d026cef990d7e3c2.svg":"e09db2fd0f20972257d7468c740e08b32f985d2e88287cf94a38da6930de107c","/static/media/interbank.c1bbf1ee33b1fef8ce9cd96b2527b077.svg":"30fe5d1bd7558e39ed24eabbd620f04cc52a68efc6c92a8fa55fbd431a0b35d1","/static/media/online.ad7cdd0d4760f4399238.jpg":"b87defebd5173d1dbbec393323b4275268813b561b9ae4f789705faf6729fd37","/static/media/scotiabank.9c20ae787b65a8168a453af03ff58fc0.svg":"f64a45528701fe680ae985c8ff81ff5fd2748f6e652e2bd721b0d61e010263d2","/static/media/Merianda.c1220afcf0cceab9bd8b.ttf":"987a26825d7e44c9c7e861517f46353121fc39fa557adb9c569906c8e2772a4e","/static/media/agentes2.f65c55c1c4728d432469.png":"900a96e3892a0801eb73867d4f1c1b07351e179ea13ca68b75befab8572aa6bf","/static/media/bancos.6c4be489192e3d377284.webp":"adda460d39e2ce55dfaf44d5634cce827cd6ed7ed4e469506578fe1125095545","/static/media/agentes.1a871d0073f3e4c8bbb8.jpg":"2641833c781a4026641db5326ad2ae38984fc8c728d1e117fcf56b32b679b271","/static/media/bancos.0e99b7f0509450c0e91c.jpg":"d5a00995413f57c416567890f6c1b6221ab8ae60e99fa02b9192bd832011581d","/static/media/logo2-1.189b49af903e5d17d98a.png":"29a787fd7b45bcd66c9a52dcc448da7f7fa725b89ef7f0517d6703f8c8f851b4","/google_maps.html":"bd832d2282d2039100c87a4fb1263620d50d0b59ede60c6c8a9af5208090f106","/static/media/fibreoptica.244483271d3c64304c4a.jpg":"69809671cd1565a28ac0ea457183e409cf70109c37c8ffca95b13475b7a375b2","/static/media/bank2.286756379968bab23eaa.jpg":"b42b38852bcd78219648fa7ad5b114346e2341ef4359946ac19e389d6400844d","/static/js/main.7dda80b9.js":"234bb9ab83e90eb5d51b8af8878f212413828035c4dd7a56704e6f2118171ac3","/static/js/main.7dda80b9.js.map":"ddea44e864581f4e024e7e3f1aa3fe9cac3771aa078f06a6e4f38510a2d66ae7","/static/media/Waves On The Beach Kissing The Shore  Free Stock Video.860997015c5646e51778.mp4":"baa8be2acd3ab2d08156e0aa0f2079712a637e2b35f414587bf579f5e843330f"}}
[debug] [2023-05-28T21:58:42.730Z] <<< [apiv2][status] POST https://firebasehosting.googleapis.com/v1beta1/projects/583513950711/sites/fiber-peru/versions/9aded9c69d0ef4b4:populateFiles 200
[debug] [2023-05-28T21:58:42.730Z] <<< [apiv2][body] POST https://firebasehosting.googleapis.com/v1beta1/projects/583513950711/sites/fiber-peru/versions/9aded9c69d0ef4b4:populateFiles {"uploadRequiredHashes":["baa8be2acd3ab2d08156e0aa0f2079712a637e2b35f414587bf579f5e843330f","234bb9ab83e90eb5d51b8af8878f212413828035c4dd7a56704e6f2118171ac3","b42b38852bcd78219648fa7ad5b114346e2341ef4359946ac19e389d6400844d"],"uploadUrl":"https://upload-firebasehosting.googleapis.com/upload/sites/fiber-peru/versions/9aded9c69d0ef4b4/files"}
[debug] [2023-05-28T21:58:42.736Z] >>> [apiv2][query] POST https://upload-firebasehosting.googleapis.com/upload/sites/fiber-peru/versions/9aded9c69d0ef4b4/files/baa8be2acd3ab2d08156e0aa0f2079712a637e2b35f414587bf579f5e843330f [none]
[debug] [2023-05-28T21:58:42.737Z] >>> [apiv2][body] POST https://upload-firebasehosting.googleapis.com/upload/sites/fiber-peru/versions/9aded9c69d0ef4b4/files/baa8be2acd3ab2d08156e0aa0f2079712a637e2b35f414587bf579f5e843330f [stream]
[debug] [2023-05-28T21:58:42.741Z] >>> [apiv2][query] POST https://upload-firebasehosting.googleapis.com/upload/sites/fiber-peru/versions/9aded9c69d0ef4b4/files/234bb9ab83e90eb5d51b8af8878f212413828035c4dd7a56704e6f2118171ac3 [none]
[debug] [2023-05-28T21:58:42.742Z] >>> [apiv2][body] POST https://upload-firebasehosting.googleapis.com/upload/sites/fiber-peru/versions/9aded9c69d0ef4b4/files/234bb9ab83e90eb5d51b8af8878f212413828035c4dd7a56704e6f2118171ac3 [stream]
[debug] [2023-05-28T21:58:42.745Z] >>> [apiv2][query] POST https://upload-firebasehosting.googleapis.com/upload/sites/fiber-peru/versions/9aded9c69d0ef4b4/files/b42b38852bcd78219648fa7ad5b114346e2341ef4359946ac19e389d6400844d [none]
[debug] [2023-05-28T21:58:42.746Z] >>> [apiv2][body] POST https://upload-firebasehosting.googleapis.com/upload/sites/fiber-peru/versions/9aded9c69d0ef4b4/files/b42b38852bcd78219648fa7ad5b114346e2341ef4359946ac19e389d6400844d [stream]
[debug] [2023-05-28T21:58:42.750Z] [hosting][populate queue][FINAL] {"max":2871,"min":2871,"avg":2871,"active":0,"complete":1,"success":1,"errored":0,"retried":0,"total":1,"elapsed":2885}
[debug] [2023-05-28T21:58:42.750Z] [hosting] uploads queued: 3
[debug] [2023-05-28T21:59:13.139Z] [uploadQueue] Retrying task 234bb9ab83e90eb5d51b8af8878f212413828035c4dd7a56704e6f2118171ac3
[debug] [2023-05-28T21:59:13.141Z] >>> [apiv2][query] POST https://upload-firebasehosting.googleapis.com/upload/sites/fiber-peru/versions/9aded9c69d0ef4b4/files/234bb9ab83e90eb5d51b8af8878f212413828035c4dd7a56704e6f2118171ac3 [none]
[debug] [2023-05-28T21:59:13.142Z] >>> [apiv2][body] POST https://upload-firebasehosting.googleapis.com/upload/sites/fiber-peru/versions/9aded9c69d0ef4b4/files/234bb9ab83e90eb5d51b8af8878f212413828035c4dd7a56704e6f2118171ac3 [stream]
[debug] [2023-05-28T21:59:13.147Z] [uploadQueue] Retrying task b42b38852bcd78219648fa7ad5b114346e2341ef4359946ac19e389d6400844d
[debug] [2023-05-28T21:59:13.148Z] >>> [apiv2][query] POST https://upload-firebasehosting.googleapis.com/upload/sites/fiber-peru/versions/9aded9c69d0ef4b4/files/b42b38852bcd78219648fa7ad5b114346e2341ef4359946ac19e389d6400844d [none]
[debug] [2023-05-28T21:59:13.149Z] >>> [apiv2][body] POST https://upload-firebasehosting.googleapis.com/upload/sites/fiber-peru/versions/9aded9c69d0ef4b4/files/b42b38852bcd78219648fa7ad5b114346e2341ef4359946ac19e389d6400844d [stream]
[debug] [2023-05-28T21:59:36.340Z] [uploadQueue] Retrying task 234bb9ab83e90eb5d51b8af8878f212413828035c4dd7a56704e6f2118171ac3
[debug] [2023-05-28T21:59:36.342Z] >>> [apiv2][query] POST https://upload-firebasehosting.googleapis.com/upload/sites/fiber-peru/versions/9aded9c69d0ef4b4/files/234bb9ab83e90eb5d51b8af8878f212413828035c4dd7a56704e6f2118171ac3 [none]
[debug] [2023-05-28T21:59:36.343Z] >>> [apiv2][body] POST https://upload-firebasehosting.googleapis.com/upload/sites/fiber-peru/versions/9aded9c69d0ef4b4/files/234bb9ab83e90eb5d51b8af8878f212413828035c4dd7a56704e6f2118171ac3 [stream]
[debug] [2023-05-28T21:59:43.949Z] [uploadQueue] Retrying task b42b38852bcd78219648fa7ad5b114346e2341ef4359946ac19e389d6400844d
[debug] [2023-05-28T21:59:43.951Z] >>> [apiv2][query] POST https://upload-firebasehosting.googleapis.com/upload/sites/fiber-peru/versions/9aded9c69d0ef4b4/files/b42b38852bcd78219648fa7ad5b114346e2341ef4359946ac19e389d6400844d [none]
[debug] [2023-05-28T21:59:43.952Z] >>> [apiv2][body] POST https://upload-firebasehosting.googleapis.com/upload/sites/fiber-peru/versions/9aded9c69d0ef4b4/files/b42b38852bcd78219648fa7ad5b114346e2341ef4359946ac19e389d6400844d [stream]
[debug] [2023-05-28T22:00:00.761Z] [uploadQueue] Retrying task b42b38852bcd78219648fa7ad5b114346e2341ef4359946ac19e389d6400844d
[debug] [2023-05-28T22:00:00.763Z] >>> [apiv2][query] POST https://upload-firebasehosting.googleapis.com/upload/sites/fiber-peru/versions/9aded9c69d0ef4b4/files/b42b38852bcd78219648fa7ad5b114346e2341ef4359946ac19e389d6400844d [none]
[debug] [2023-05-28T22:00:00.763Z] >>> [apiv2][body] POST https://upload-firebasehosting.googleapis.com/upload/sites/fiber-peru/versions/9aded9c69d0ef4b4/files/b42b38852bcd78219648fa7ad5b114346e2341ef4359946ac19e389d6400844d [stream]
[debug] [2023-05-28T22:00:07.943Z] [uploadQueue] Retrying task 234bb9ab83e90eb5d51b8af8878f212413828035c4dd7a56704e6f2118171ac3
[debug] [2023-05-28T22:00:07.945Z] >>> [apiv2][query] POST https://upload-firebasehosting.googleapis.com/upload/sites/fiber-peru/versions/9aded9c69d0ef4b4/files/234bb9ab83e90eb5d51b8af8878f212413828035c4dd7a56704e6f2118171ac3 [none]
[debug] [2023-05-28T22:00:07.945Z] >>> [apiv2][body] POST https://upload-firebasehosting.googleapis.com/upload/sites/fiber-peru/versions/9aded9c69d0ef4b4/files/234bb9ab83e90eb5d51b8af8878f212413828035c4dd7a56704e6f2118171ac3 [stream]
[debug] [2023-05-28T22:00:33.964Z] [uploadQueue] Retrying task b42b38852bcd78219648fa7ad5b114346e2341ef4359946ac19e389d6400844d
[debug] [2023-05-28T22:00:33.966Z] >>> [apiv2][query] POST https://upload-firebasehosting.googleapis.com/upload/sites/fiber-peru/versions/9aded9c69d0ef4b4/files/b42b38852bcd78219648fa7ad5b114346e2341ef4359946ac19e389d6400844d [none]
[debug] [2023-05-28T22:00:33.966Z] >>> [apiv2][body] POST https://upload-firebasehosting.googleapis.com/upload/sites/fiber-peru/versions/9aded9c69d0ef4b4/files/b42b38852bcd78219648fa7ad5b114346e2341ef4359946ac19e389d6400844d [stream]
[debug] [2023-05-28T22:00:41.145Z] [uploadQueue] Retrying task 234bb9ab83e90eb5d51b8af8878f212413828035c4dd7a56704e6f2118171ac3
[debug] [2023-05-28T22:00:41.147Z] >>> [apiv2][query] POST https://upload-firebasehosting.googleapis.com/upload/sites/fiber-peru/versions/9aded9c69d0ef4b4/files/234bb9ab83e90eb5d51b8af8878f212413828035c4dd7a56704e6f2118171ac3 [none]
[debug] [2023-05-28T22:00:41.147Z] >>> [apiv2][body] POST https://upload-firebasehosting.googleapis.com/upload/sites/fiber-peru/versions/9aded9c69d0ef4b4/files/234bb9ab83e90eb5d51b8af8878f212413828035c4dd7a56704e6f2118171ac3 [stream]
[debug] [2023-05-28T22:01:10.366Z] [uploadQueue] Retrying task b42b38852bcd78219648fa7ad5b114346e2341ef4359946ac19e389d6400844d
[debug] [2023-05-28T22:01:10.367Z] >>> [apiv2][query] POST https://upload-firebasehosting.googleapis.com/upload/sites/fiber-peru/versions/9aded9c69d0ef4b4/files/b42b38852bcd78219648fa7ad5b114346e2341ef4359946ac19e389d6400844d [none]
[debug] [2023-05-28T22:01:10.368Z] >>> [apiv2][body] POST https://upload-firebasehosting.googleapis.com/upload/sites/fiber-peru/versions/9aded9c69d0ef4b4/files/b42b38852bcd78219648fa7ad5b114346e2341ef4359946ac19e389d6400844d [stream]
[debug] [2023-05-28T22:01:17.547Z] [uploadQueue] Retrying task 234bb9ab83e90eb5d51b8af8878f212413828035c4dd7a56704e6f2118171ac3
[debug] [2023-05-28T22:01:17.547Z] >>> [apiv2][query] POST https://upload-firebasehosting.googleapis.com/upload/sites/fiber-peru/versions/9aded9c69d0ef4b4/files/234bb9ab83e90eb5d51b8af8878f212413828035c4dd7a56704e6f2118171ac3 [none]
[debug] [2023-05-28T22:01:17.548Z] >>> [apiv2][body] POST https://upload-firebasehosting.googleapis.com/upload/sites/fiber-peru/versions/9aded9c69d0ef4b4/files/234bb9ab83e90eb5d51b8af8878f212413828035c4dd7a56704e6f2118171ac3 [stream]
[debug] [2023-05-28T22:01:36.228Z] <<< [apiv2][status] POST https://upload-firebasehosting.googleapis.com/upload/sites/fiber-peru/versions/9aded9c69d0ef4b4/files/234bb9ab83e90eb5d51b8af8878f212413828035c4dd7a56704e6f2118171ac3 200
[debug] [2023-05-28T22:01:36.228Z] <<< [apiv2][body] POST https://upload-firebasehosting.googleapis.com/upload/sites/fiber-peru/versions/9aded9c69d0ef4b4/files/234bb9ab83e90eb5d51b8af8878f212413828035c4dd7a56704e6f2118171ac3 [stream]
[debug] Task b42b38852bcd78219648fa7ad5b114346e2341ef4359946ac19e389d6400844d failed: retries exhausted after 6 attempts, with error: Timeout reached making request to https://upload-firebasehosting.googleapis.com/upload/sites/fiber-peru/versions/9aded9c69d0ef4b4/files/b42b38852bcd78219648fa7ad5b114346e2341ef4359946ac19e389d6400844d
[debug] [2023-05-28T22:01:40.367Z] [hosting][upload queue][FINAL] {"max":18682,"min":18682,"avg":18682,"active":1,"complete":2,"success":1,"errored":1,"retried":10,"total":3,"elapsed":177636}
[debug] [2023-05-28T22:01:45.376Z] Error: Timed out.
    at Timeout._onTimeout (/home/edgar/.nvm/versions/node/v16.6.1/lib/node_modules/firebase-tools/lib/utils.js:253:49)
    at listOnTimeout (node:internal/timers:557:17)
    at processTimers (node:internal/timers:500:7)
[error] 
[error] Error: An unexpected error has occurred.
